<?xml version="1.0" encoding="UTF-8"?>
<!-- Generated by org.testng.reporters.JUnitReportReporter -->
<testsuite skipped="0" hostname="PUNITP348718D" name="com.api.script.Script1" tests="2" failures="0" timestamp="06 Feb 2019 08:56:29 GMT" time="0.000" errors="0">
  <testcase name="s1_t1" time="0.000" classname="com.api.script.Script1"/>
  <testcase name="s1_t2" time="0.000" classname="com.api.script.Script1"/>
</testsuite> <!-- com.api.script.Script1 -->
