<?xml version="1.0" encoding="UTF-8"?>
<!-- Generated by org.testng.reporters.JUnitReportReporter -->
<testsuite skipped="0" hostname="PUNITP348718D" name="com.api.script.Script3" tests="1" failures="0" timestamp="05 Feb 2019 09:38:38 GMT" time="0.015" errors="0">
  <testcase name="t" time="0.015" classname="com.api.script.Script3"/>
</testsuite> <!-- com.api.script.Script3 -->
