<?xml version="1.0" encoding="UTF-8"?>
<!-- Generated by org.testng.reporters.JUnitReportReporter -->
<testsuite skipped="0" hostname="PUNITP348718D" name="com.api.script.Script1_WithReport" tests="4" failures="0" timestamp="07 Feb 2019 08:51:34 GMT" time="6.231" errors="0">
  <testcase name="s1_listUsers_verifyResponseContents" time="3.158" classname="com.api.script.Script1_WithReport"/>
  <testcase name="s1_singleUser_verifyFirstNameInResponse" time="1.537" classname="com.api.script.Script1_WithReport"/>
  <testcase name="s1_demo" time="0.016" classname="com.api.script.Script1_WithReport"/>
  <testcase name="s1_singleUser_verifyStatusCodeIs200" time="1.520" classname="com.api.script.Script1_WithReport"/>
</testsuite> <!-- com.api.script.Script1_WithReport -->
