<?xml version="1.0" encoding="UTF-8"?>
<!-- Generated by org.testng.reporters.JUnitReportReporter -->
<testsuite skipped="1" hostname="PUNITP348718D" name="com.api.script.Script1" tests="2" failures="0" timestamp="07 Feb 2019 05:59:57 GMT" time="3.182" errors="0">
  <testcase name="s1_singleUser" time="3.182" classname="com.api.script.Script1"/>
  <testcase name="s1_listUsers" classname="com.api.script.Script1">
    <skipped/>
  </testcase> <!-- s1_listUsers -->
</testsuite> <!-- com.api.script.Script1 -->
