<?xml version="1.0" encoding="UTF-8"?>
<!-- Generated by org.testng.reporters.JUnitReportReporter -->
<testsuite skipped="0" hostname="PUNITP348718D" name="com.api.test.Demo" tests="1" failures="0" timestamp="07 Feb 2019 06:25:50 GMT" time="0.000" errors="0">
  <testcase name="t1" time="0.000" classname="com.api.test.Demo"/>
</testsuite> <!-- com.api.test.Demo -->
