<?xml version="1.0" encoding="UTF-8"?>
<!-- Generated by org.testng.reporters.JUnitReportReporter -->
<testsuite skipped="0" hostname="manish-PC" name="com.api.script.Script1" tests="2" failures="0" timestamp="06 Feb 2019 04:55:29 GMT" time="0.031" errors="0">
  <testcase name="s1_t2" time="0.006" classname="com.api.script.Script1"/>
  <testcase name="s1_t1" time="0.025" classname="com.api.script.Script1"/>
</testsuite> <!-- com.api.script.Script1 -->
