<?xml version="1.0" encoding="UTF-8"?>
<!-- Generated by org.testng.reporters.JUnitReportReporter -->
<testsuite skipped="0" hostname="PUNITP348718D" name="com.api.junit.ResponseTest" tests="3" failures="0" timestamp="31 Jan 2019 04:18:11 GMT" time="0.469" errors="0">
  <testcase name="getStatusCode_WithNullInput" time="0.016" classname="com.api.junit.ResponseTest"/>
  <testcase name="get_WithNullInput" time="0.001" classname="com.api.junit.ResponseTest"/>
  <testcase name="get_WithInvalidInput" time="0.452" classname="com.api.junit.ResponseTest"/>
</testsuite> <!-- com.api.junit.ResponseTest -->
