<?xml version="1.0" encoding="UTF-8"?>
<!-- Generated by org.testng.reporters.JUnitReportReporter -->
<testsuite skipped="0" hostname="PUNITP348718D" name="com.api.script.Script1_WithDefaultAssert" tests="2" failures="0" timestamp="04 Feb 2019 12:51:01 GMT" time="8.236" errors="0">
  <testcase name="t1" time="6.754" classname="com.api.script.Script1_WithDefaultAssert"/>
  <testcase name="t2" time="1.482" classname="com.api.script.Script1_WithDefaultAssert"/>
</testsuite> <!-- com.api.script.Script1_WithDefaultAssert -->
