<?xml version="1.0" encoding="UTF-8"?>
<!-- Generated by org.testng.reporters.JUnitReportReporter -->
<testsuite skipped="0" hostname="PUNITP348718D" name="com.api.script.Script1_WithExtentReports" tests="3" failures="0" timestamp="07 Feb 2019 06:00:32 GMT" time="6.240" errors="0">
  <testcase name="s1_singleUser_verifyFirstNameInResponse" time="1.591" classname="com.api.script.Script1_WithExtentReports"/>
  <testcase name="s1_singleUser_verifyStatusCodeIs200" time="1.529" classname="com.api.script.Script1_WithExtentReports"/>
  <testcase name="s1_listUsers_verifyResponseContents" time="3.120" classname="com.api.script.Script1_WithExtentReports"/>
</testsuite> <!-- com.api.script.Script1_WithExtentReports -->
